<?xml version="1.0" encoding="UTF-8"?>
<!-- Generated by org.testng.reporters.JUnitReportReporter -->
<testsuite hostname="LAPTOP-OT2UM6DD" failures="0" tests="2" name="com.hyr.Tests.FirstTest" time="19.007" errors="0" timestamp="2022-09-10T16:39:10 IST" skipped="0">
  <testcase classname="com.hyr.Tests.FirstTest" name="googleTest" time="7.678"/>
  <system-out/>
  <testcase classname="com.hyr.Tests.FirstTest" name="flipkartTest" time="11.329"/>
  <system-out/>
</testsuite> <!-- com.hyr.Tests.FirstTest -->
