<?xml version="1.0" encoding="UTF-8"?>
<!-- Generated by org.testng.reporters.JUnitReportReporter -->
<testsuite hostname="LAPTOP-OT2UM6DD" failures="0" tests="1" name="org.HRM.Doctor_test.DocToAdminManagePatTest" time="10.043" errors="0" timestamp="2022-09-20T14:26:31 IST" skipped="0">
  <testcase classname="org.HRM.Doctor_test.DocToAdminManagePatTest" name="patientSrchTest" time="10.043"/>
  <system-out/>
</testsuite> <!-- org.HRM.Doctor_test.DocToAdminManagePatTest -->
