<?xml version="1.0" encoding="UTF-8"?>
<!-- Generated by org.testng.reporters.JUnitReportReporter -->
<testsuite hostname="LAPTOP-OT2UM6DD" failures="0" tests="1" name="TestNGPractise.ParametersDemo" time="0.009" errors="0" timestamp="2022-09-17T09:05:41 IST" skipped="0">
  <testcase classname="TestNGPractise.ParametersDemo" name="test" time="0.009"/>
  <system-out/>
</testsuite> <!-- TestNGPractise.ParametersDemo -->
