<?xml version="1.0" encoding="UTF-8"?>
<!-- Generated by org.testng.reporters.JUnitReportReporter -->
<testsuite hostname="LAPTOP-OT2UM6DD" failures="0" tests="2" name="TestNGPractise.GroupingsDemo" time="0.020" errors="0" timestamp="2022-09-14T14:20:11 IST" skipped="0">
  <testcase classname="TestNGPractise.GroupingsDemo" name="test1" time="0.018"/>
  <system-out/>
  <testcase classname="TestNGPractise.GroupingsDemo" name="test3" time="0.002"/>
  <system-out/>
</testsuite> <!-- TestNGPractise.GroupingsDemo -->
