<?xml version="1.0" encoding="UTF-8"?>
<!-- Generated by org.testng.reporters.JUnitReportReporter -->
<testsuite hostname="LAPTOP-OT2UM6DD" failures="0" tests="1" name="org.HRM.Doctor_test.PatientSearchTest" time="4.297" errors="0" timestamp="2022-09-20T16:11:48 IST" skipped="0">
  <testcase classname="org.HRM.Doctor_test.PatientSearchTest" name="patientSrchTest" time="4.297"/>
  <system-out/>
</testsuite> <!-- org.HRM.Doctor_test.PatientSearchTest -->
