<?xml version="1.0" encoding="UTF-8"?>
<!-- Generated by org.testng.reporters.JUnitReportReporter -->
<testsuite hostname="LAPTOP-OT2UM6DD" failures="0" tests="1" name="TestNGPractise.MavenPractiseTest" time="0.019" errors="0" timestamp="2022-09-20T11:32:17 IST" skipped="0">
  <testcase classname="TestNGPractise.MavenPractiseTest" name="stepTest" time="0.019"/>
  <system-out/>
</testsuite> <!-- TestNGPractise.MavenPractiseTest -->
