<?xml version="1.0" encoding="UTF-8"?>
<!-- Generated by org.testng.reporters.JUnitReportReporter -->
<testsuite hostname="LAPTOP-OT2UM6DD" failures="0" tests="4" name="org.hyr.parallelTest.TestClass1" time="0.024" errors="0" timestamp="2022-09-16T12:35:04 IST" skipped="0">
  <testcase classname="org.hyr.parallelTest.TestClass1" name="testMethod1" time="0.016"/>
  <system-out/>
  <testcase classname="org.hyr.parallelTest.TestClass1" name="testMethod4" time="0.002"/>
  <system-out/>
  <testcase classname="org.hyr.parallelTest.TestClass1" name="testMethod2" time="0.002"/>
  <system-out/>
  <testcase classname="org.hyr.parallelTest.TestClass1" name="testMethod3" time="0.004"/>
  <system-out/>
</testsuite> <!-- org.hyr.parallelTest.TestClass1 -->
