<?xml version="1.0" encoding="UTF-8"?>
<!-- Generated by org.testng.reporters.JUnitReportReporter -->
<testsuite hostname="LAPTOP-OT2UM6DD" failures="0" tests="1" name="org.HRM.Doctor_test.DocToAdminPatSrchTest" time="6.033" errors="0" timestamp="2022-09-20T14:26:49 IST" skipped="0">
  <testcase classname="org.HRM.Doctor_test.DocToAdminPatSrchTest" name="DocPatSrch" time="6.033"/>
  <system-out/>
</testsuite> <!-- org.HRM.Doctor_test.DocToAdminPatSrchTest -->
