<?xml version="1.0" encoding="UTF-8"?>
<!-- Generated by org.testng.reporters.JUnitReportReporter -->
<testsuite hostname="LAPTOP-OT2UM6DD" failures="0" tests="3" name="org.hyr.parallelTest.TestClass2" time="0.008" errors="0" timestamp="2022-09-16T09:47:17 IST" skipped="0">
  <testcase classname="org.hyr.parallelTest.TestClass2" name="testMethod5" time="0.002"/>
  <system-out/>
  <testcase classname="org.hyr.parallelTest.TestClass2" name="testMethod6" time="0.005"/>
  <system-out/>
  <testcase classname="org.hyr.parallelTest.TestClass2" name="testMethod3" time="0.001"/>
  <system-out/>
</testsuite> <!-- org.hyr.parallelTest.TestClass2 -->
