<?xml version="1.0" encoding="UTF-8"?>
<!-- Generated by org.testng.reporters.JUnitReportReporter -->
<testsuite hostname="LAPTOP-OT2UM6DD" failures="0" tests="3" name="org.sdet40.admin.CutomerTest" time="0.029" errors="0" timestamp="2022-09-09T10:44:46 IST" skipped="0">
  <testcase classname="org.sdet40.admin.CutomerTest" name="deleteCust" time="0.010"/>
  <system-out/>
  <testcase classname="org.sdet40.admin.CutomerTest" name="modifyCust" time="0.007"/>
  <system-out/>
  <testcase classname="org.sdet40.admin.CutomerTest" name="createCust" time="0.012"/>
  <system-out/>
</testsuite> <!-- org.sdet40.admin.CutomerTest -->
