<?xml version="1.0" encoding="UTF-8"?>
<!-- Generated by org.testng.reporters.JUnitReportReporter -->
<testsuite hostname="LAPTOP-OT2UM6DD" failures="0" tests="1" name="org.HRM.Doctor_test.DocToAdminPatSrchTest" time="4.459" errors="0" timestamp="20 Sep 2022 08:05:29 GMT">
  <testcase classname="org.HRM.Doctor_test.DocToAdminPatSrchTest" name="DocPatSrch" time="4.459"/>
</testsuite> <!-- org.HRM.Doctor_test.DocToAdminPatSrchTest -->
