<?xml version="1.0" encoding="UTF-8"?>
<!-- Generated by org.testng.reporters.JUnitReportReporter -->
<testsuite hostname="LAPTOP-OT2UM6DD" failures="0" tests="4" name="org.hyr.parallelTest.TestClass1" time="0.003" errors="0" timestamp="20 Sep 2022 08:05:29 GMT">
  <testcase classname="org.hyr.parallelTest.TestClass1" name="testMethod3" time="0.001"/>
  <testcase classname="org.hyr.parallelTest.TestClass1" name="testMethod2" time="0.001"/>
  <testcase classname="org.hyr.parallelTest.TestClass1" name="testMethod1" time="0.001"/>
  <testcase classname="org.hyr.parallelTest.TestClass1" name="testMethod4" time="0.000"/>
</testsuite> <!-- org.hyr.parallelTest.TestClass1 -->
