<?xml version="1.0" encoding="UTF-8"?>
<!-- Generated by org.testng.reporters.JUnitReportReporter -->
<testsuite hostname="LAPTOP-OT2UM6DD" failures="0" tests="4" name="org.hyr.parallelTest.TestClass3" time="0.000" errors="0" timestamp="20 Sep 2022 08:05:29 GMT">
  <testcase classname="org.hyr.parallelTest.TestClass3" name="testMethod9" time="0.000"/>
  <testcase classname="org.hyr.parallelTest.TestClass3" name="testMethod11" time="0.000"/>
  <testcase classname="org.hyr.parallelTest.TestClass3" name="testMethod10" time="0.000"/>
  <testcase classname="org.hyr.parallelTest.TestClass3" name="testMethod8" time="0.000"/>
</testsuite> <!-- org.hyr.parallelTest.TestClass3 -->
