<?xml version="1.0" encoding="UTF-8"?>
<!-- Generated by org.testng.reporters.JUnitReportReporter -->
<testsuite hostname="LAPTOP-OT2UM6DD" failures="0" tests="3" name="org.sdet40.practise.TestNGRetryFailDemo" time="0.001" errors="0" timestamp="20 Sep 2022 08:05:29 GMT">
  <testcase classname="org.sdet40.practise.TestNGRetryFailDemo" name="test2" time="0.001"/>
  <testcase classname="org.sdet40.practise.TestNGRetryFailDemo" name="test1" time="0.000"/>
  <testcase classname="org.sdet40.practise.TestNGRetryFailDemo" name="test3" time="0.000"/>
</testsuite> <!-- org.sdet40.practise.TestNGRetryFailDemo -->
