<?xml version="1.0" encoding="UTF-8"?>
<!-- Generated by org.testng.reporters.JUnitReportReporter -->
<testsuite hostname="LAPTOP-OT2UM6DD" failures="0" tests="1" name="org.HRM.Doctor_test.PatientSearchTest" time="3.507" errors="0" timestamp="20 Sep 2022 08:05:29 GMT">
  <testcase classname="org.HRM.Doctor_test.PatientSearchTest" name="patientSrchTest" time="3.507"/>
</testsuite> <!-- org.HRM.Doctor_test.PatientSearchTest -->
