<?xml version="1.0" encoding="UTF-8"?>
<!-- Generated by org.testng.reporters.JUnitReportReporter -->
<testsuite hostname="LAPTOP-OT2UM6DD" failures="0" tests="1" name="TestNGPractise.MavenPractiseTest" time="0.000" errors="0" timestamp="20 Sep 2022 08:05:29 GMT">
  <testcase classname="TestNGPractise.MavenPractiseTest" name="stepTest" time="0.000"/>
</testsuite> <!-- TestNGPractise.MavenPractiseTest -->
